<?xml version="1.0" encoding="UTF-8"?>
<!-- Generated by org.testng.reporters.JUnitReportReporter -->
<testsuite hostname="DESKTOP-QLKE4PB" failures="0" tests="3" name="org.booking.functionality.Mynthra" time="60.495" errors="0" timestamp="11 Apr 2023 11:45:44 GMT" skipped="0">
  <testcase classname="org.booking.functionality.Mynthra" name="formalShirtsForMen" time="22.102"/>
  <testcase classname="org.booking.functionality.Mynthra" name="formalPantsForMen" time="16.642"/>
  <testcase classname="org.booking.functionality.Mynthra" name="formalShoesForMen" time="21.751"/>
</testsuite> <!-- org.booking.functionality.Mynthra -->
